[2025-11-19T11:30:04.706+0000] {taskinstance.py:1159} INFO - Dependencies all met for dep_context=non-requeueable deps ti=<TaskInstance: sync_s3_dags.sync_dags_from_s3 scheduled__2025-11-19T11:25:00+00:00 [queued]>
[2025-11-19T11:30:04.715+0000] {taskinstance.py:1159} INFO - Dependencies all met for dep_context=requeueable deps ti=<TaskInstance: sync_s3_dags.sync_dags_from_s3 scheduled__2025-11-19T11:25:00+00:00 [queued]>
[2025-11-19T11:30:04.716+0000] {taskinstance.py:1361} INFO - Starting attempt 1 of 2
[2025-11-19T11:30:04.754+0000] {taskinstance.py:1382} INFO - Executing <Task(PythonOperator): sync_dags_from_s3> on 2025-11-19 11:25:00+00:00
[2025-11-19T11:30:04.759+0000] {standard_task_runner.py:57} INFO - Started process 6395 to run task
[2025-11-19T11:30:04.763+0000] {standard_task_runner.py:84} INFO - Running: ['airflow', 'tasks', 'run', 'sync_s3_dags', 'sync_dags_from_s3', 'scheduled__2025-11-19T11:25:00+00:00', '--job-id', '35', '--raw', '--subdir', 'DAGS_FOLDER/syncDags.py', '--cfg-path', '/tmp/tmppm_vt2yt']
[2025-11-19T11:30:04.766+0000] {standard_task_runner.py:85} INFO - Job 35: Subtask sync_dags_from_s3
[2025-11-19T11:30:04.836+0000] {task_command.py:416} INFO - Running <TaskInstance: sync_s3_dags.sync_dags_from_s3 scheduled__2025-11-19T11:25:00+00:00 [running]> on host f7ca760e979a
[2025-11-19T11:30:04.946+0000] {taskinstance.py:1662} INFO - Exporting env vars: AIRFLOW_CTX_DAG_OWNER='airflow' AIRFLOW_CTX_DAG_ID='sync_s3_dags' AIRFLOW_CTX_TASK_ID='sync_dags_from_s3' AIRFLOW_CTX_EXECUTION_DATE='2025-11-19T11:25:00+00:00' AIRFLOW_CTX_TRY_NUMBER='1' AIRFLOW_CTX_DAG_RUN_ID='scheduled__2025-11-19T11:25:00+00:00'
[2025-11-19T11:30:04.949+0000] {logging_mixin.py:154} INFO - Starting S3 -> local DAG sync
[2025-11-19T11:30:04.955+0000] {base.py:73} INFO - Using connection ID 'aws-s3-clickml' for task execution.
[2025-11-19T11:30:04.956+0000] {connection_wrapper.py:378} INFO - AWS Connection (conn_id='aws-s3-clickml', conn_type='aws') credentials retrieved from login and password.
[2025-11-19T11:30:06.008+0000] {logging_mixin.py:154} INFO - Skipped clickml-etl-dags/Parth.py (no change)
[2025-11-19T11:30:06.009+0000] {logging_mixin.py:154} INFO - Downloading s3://clickml-etl-storage/clickml-etl-dags/checkingETL.py -> /opt/airflow/dags/checkingETL.py
[2025-11-19T11:30:06.149+0000] {logging_mixin.py:154} INFO - ✅ Synced checkingETL.py successfully
[2025-11-19T11:30:06.150+0000] {logging_mixin.py:154} INFO - Skipped clickml-etl-dags/db_to_db_sales_etl.py (no change)
[2025-11-19T11:30:06.152+0000] {logging_mixin.py:154} INFO - Skipped clickml-etl-dags/exampledag.py (no change)
[2025-11-19T11:30:06.154+0000] {logging_mixin.py:154} INFO - Skipped clickml-etl-dags/monthly_sales_pipeline5.py (no change)
[2025-11-19T11:30:06.156+0000] {logging_mixin.py:154} INFO - Skipped clickml-etl-dags/monthly_sales_pipeline7.py (no change)
[2025-11-19T11:30:06.157+0000] {logging_mixin.py:154} INFO - Skipped clickml-etl-dags/raghavETls.py (no change)
[2025-11-19T11:30:06.159+0000] {logging_mixin.py:154} INFO - Skipped clickml-etl-dags/sdfsd.py (no change)
[2025-11-19T11:30:06.162+0000] {python.py:194} INFO - Done. Returned value was: None
[2025-11-19T11:30:06.167+0000] {taskinstance.py:1400} INFO - Marking task as SUCCESS. dag_id=sync_s3_dags, task_id=sync_dags_from_s3, execution_date=20251119T112500, start_date=20251119T113004, end_date=20251119T113006
[2025-11-19T11:30:06.247+0000] {local_task_job_runner.py:228} INFO - Task exited with return code 0
[2025-11-19T11:30:06.257+0000] {taskinstance.py:2778} INFO - 0 downstream tasks scheduled from follow-on schedule check
