[2025-11-19T09:36:41.760+0000] {taskinstance.py:1159} INFO - Dependencies all met for dep_context=non-requeueable deps ti=<TaskInstance: sync_s3_dags.sync_dags_from_s3 manual__2025-11-19T09:36:37.052694+00:00 [queued]>
[2025-11-19T09:36:41.769+0000] {taskinstance.py:1159} INFO - Dependencies all met for dep_context=requeueable deps ti=<TaskInstance: sync_s3_dags.sync_dags_from_s3 manual__2025-11-19T09:36:37.052694+00:00 [queued]>
[2025-11-19T09:36:41.770+0000] {taskinstance.py:1361} INFO - Starting attempt 1 of 2
[2025-11-19T09:36:41.934+0000] {taskinstance.py:1382} INFO - Executing <Task(PythonOperator): sync_dags_from_s3> on 2025-11-19 09:36:37.052694+00:00
[2025-11-19T09:36:41.940+0000] {standard_task_runner.py:57} INFO - Started process 373 to run task
[2025-11-19T09:36:41.944+0000] {standard_task_runner.py:84} INFO - Running: ['airflow', 'tasks', 'run', 'sync_s3_dags', 'sync_dags_from_s3', 'manual__2025-11-19T09:36:37.052694+00:00', '--job-id', '7', '--raw', '--subdir', 'DAGS_FOLDER/syncDags.py', '--cfg-path', '/tmp/tmpjee_ll7n']
[2025-11-19T09:36:41.947+0000] {standard_task_runner.py:85} INFO - Job 7: Subtask sync_dags_from_s3
[2025-11-19T09:36:42.080+0000] {task_command.py:416} INFO - Running <TaskInstance: sync_s3_dags.sync_dags_from_s3 manual__2025-11-19T09:36:37.052694+00:00 [running]> on host f7ca760e979a
[2025-11-19T09:36:42.291+0000] {taskinstance.py:1662} INFO - Exporting env vars: AIRFLOW_CTX_DAG_OWNER='airflow' AIRFLOW_CTX_DAG_ID='sync_s3_dags' AIRFLOW_CTX_TASK_ID='sync_dags_from_s3' AIRFLOW_CTX_EXECUTION_DATE='2025-11-19T09:36:37.052694+00:00' AIRFLOW_CTX_TRY_NUMBER='1' AIRFLOW_CTX_DAG_RUN_ID='manual__2025-11-19T09:36:37.052694+00:00'
[2025-11-19T09:36:42.295+0000] {logging_mixin.py:154} INFO - Starting S3 -> local DAG sync
[2025-11-19T09:36:42.302+0000] {base.py:73} INFO - Using connection ID 'aws-s3-clickml' for task execution.
[2025-11-19T09:36:42.304+0000] {connection_wrapper.py:378} INFO - AWS Connection (conn_id='aws-s3-clickml', conn_type='aws') credentials retrieved from login and password.
[2025-11-19T09:36:44.177+0000] {logging_mixin.py:154} INFO - Downloading s3://clickml-etl-storage/clickml-etl-dags/Parth.py -> /opt/airflow/dags/Parth.py
[2025-11-19T09:36:44.369+0000] {logging_mixin.py:154} INFO - ✅ Synced Parth.py successfully
[2025-11-19T09:36:44.370+0000] {logging_mixin.py:154} INFO - Downloading s3://clickml-etl-storage/clickml-etl-dags/db_to_db_sales_etl.py -> /opt/airflow/dags/db_to_db_sales_etl.py
[2025-11-19T09:36:44.765+0000] {logging_mixin.py:154} INFO - ✅ Synced db_to_db_sales_etl.py successfully
[2025-11-19T09:36:44.769+0000] {logging_mixin.py:154} INFO - Skipped clickml-etl-dags/exampledag.py (no change)
[2025-11-19T09:36:44.770+0000] {logging_mixin.py:154} INFO - Downloading s3://clickml-etl-storage/clickml-etl-dags/monthly_sales_pipeline5.py -> /opt/airflow/dags/monthly_sales_pipeline5.py
[2025-11-19T09:36:44.909+0000] {logging_mixin.py:154} INFO - ✅ Synced monthly_sales_pipeline5.py successfully
[2025-11-19T09:36:44.913+0000] {logging_mixin.py:154} INFO - Downloading s3://clickml-etl-storage/clickml-etl-dags/monthly_sales_pipeline7.py -> /opt/airflow/dags/monthly_sales_pipeline7.py
[2025-11-19T09:36:45.113+0000] {logging_mixin.py:154} INFO - ✅ Synced monthly_sales_pipeline7.py successfully
[2025-11-19T09:36:45.115+0000] {logging_mixin.py:154} INFO - Downloading s3://clickml-etl-storage/clickml-etl-dags/raghavETls.py -> /opt/airflow/dags/raghavETls.py
[2025-11-19T09:36:45.258+0000] {logging_mixin.py:154} INFO - ✅ Synced raghavETls.py successfully
[2025-11-19T09:36:45.261+0000] {python.py:194} INFO - Done. Returned value was: None
[2025-11-19T09:36:45.268+0000] {taskinstance.py:1400} INFO - Marking task as SUCCESS. dag_id=sync_s3_dags, task_id=sync_dags_from_s3, execution_date=20251119T093637, start_date=20251119T093641, end_date=20251119T093645
[2025-11-19T09:36:45.332+0000] {local_task_job_runner.py:228} INFO - Task exited with return code 0
[2025-11-19T09:36:45.344+0000] {taskinstance.py:2778} INFO - 0 downstream tasks scheduled from follow-on schedule check
