[2025-11-20T09:15:06.054+0000] {taskinstance.py:1159} INFO - Dependencies all met for dep_context=non-requeueable deps ti=<TaskInstance: sync_s3_dags.sync_dags_from_s3 scheduled__2025-11-20T09:10:00+00:00 [queued]>
[2025-11-20T09:15:06.063+0000] {taskinstance.py:1159} INFO - Dependencies all met for dep_context=requeueable deps ti=<TaskInstance: sync_s3_dags.sync_dags_from_s3 scheduled__2025-11-20T09:10:00+00:00 [queued]>
[2025-11-20T09:15:06.064+0000] {taskinstance.py:1361} INFO - Starting attempt 1 of 2
[2025-11-20T09:15:06.094+0000] {taskinstance.py:1382} INFO - Executing <Task(PythonOperator): sync_dags_from_s3> on 2025-11-20 09:10:00+00:00
[2025-11-20T09:15:06.101+0000] {standard_task_runner.py:57} INFO - Started process 1992 to run task
[2025-11-20T09:15:06.109+0000] {standard_task_runner.py:84} INFO - Running: ['airflow', 'tasks', 'run', 'sync_s3_dags', 'sync_dags_from_s3', 'scheduled__2025-11-20T09:10:00+00:00', '--job-id', '57', '--raw', '--subdir', 'DAGS_FOLDER/syncDags.py', '--cfg-path', '/tmp/tmpvh3__vri']
[2025-11-20T09:15:06.113+0000] {standard_task_runner.py:85} INFO - Job 57: Subtask sync_dags_from_s3
[2025-11-20T09:15:06.191+0000] {task_command.py:416} INFO - Running <TaskInstance: sync_s3_dags.sync_dags_from_s3 scheduled__2025-11-20T09:10:00+00:00 [running]> on host f7ca760e979a
[2025-11-20T09:15:06.296+0000] {taskinstance.py:1662} INFO - Exporting env vars: AIRFLOW_CTX_DAG_OWNER='airflow' AIRFLOW_CTX_DAG_ID='sync_s3_dags' AIRFLOW_CTX_TASK_ID='sync_dags_from_s3' AIRFLOW_CTX_EXECUTION_DATE='2025-11-20T09:10:00+00:00' AIRFLOW_CTX_TRY_NUMBER='1' AIRFLOW_CTX_DAG_RUN_ID='scheduled__2025-11-20T09:10:00+00:00'
[2025-11-20T09:15:06.299+0000] {logging_mixin.py:154} INFO - Starting S3 -> local DAG sync
[2025-11-20T09:15:06.305+0000] {base.py:73} INFO - Using connection ID 'aws-s3-clickml' for task execution.
[2025-11-20T09:15:06.306+0000] {connection_wrapper.py:378} INFO - AWS Connection (conn_id='aws-s3-clickml', conn_type='aws') credentials retrieved from login and password.
[2025-11-20T09:15:09.425+0000] {logging_mixin.py:154} INFO - Skipped clickml-etl-dags/Parth.py (no change)
[2025-11-20T09:15:09.433+0000] {logging_mixin.py:154} INFO - Skipped clickml-etl-dags/TestingETL.py (no change)
[2025-11-20T09:15:09.441+0000] {logging_mixin.py:154} INFO - Skipped clickml-etl-dags/TestingETL2.py (no change)
[2025-11-20T09:15:09.450+0000] {logging_mixin.py:154} INFO - Skipped clickml-etl-dags/checkingETL.py (no change)
[2025-11-20T09:15:09.458+0000] {logging_mixin.py:154} INFO - Skipped clickml-etl-dags/db_to_db_sales_etl.py (no change)
[2025-11-20T09:15:09.464+0000] {logging_mixin.py:154} INFO - Skipped clickml-etl-dags/exampledag.py (no change)
[2025-11-20T09:15:09.471+0000] {logging_mixin.py:154} INFO - Skipped clickml-etl-dags/monthly_sales_pipeline5.py (no change)
[2025-11-20T09:15:09.477+0000] {logging_mixin.py:154} INFO - Skipped clickml-etl-dags/monthly_sales_pipeline7.py (no change)
[2025-11-20T09:15:09.484+0000] {logging_mixin.py:154} INFO - Skipped clickml-etl-dags/raghavETls.py (no change)
[2025-11-20T09:15:09.490+0000] {logging_mixin.py:154} INFO - Skipped clickml-etl-dags/sdfsd.py (no change)
[2025-11-20T09:15:09.495+0000] {python.py:194} INFO - Done. Returned value was: None
[2025-11-20T09:15:09.505+0000] {taskinstance.py:1400} INFO - Marking task as SUCCESS. dag_id=sync_s3_dags, task_id=sync_dags_from_s3, execution_date=20251120T091000, start_date=20251120T091506, end_date=20251120T091509
[2025-11-20T09:15:09.565+0000] {local_task_job_runner.py:228} INFO - Task exited with return code 0
[2025-11-20T09:15:09.590+0000] {taskinstance.py:2778} INFO - 0 downstream tasks scheduled from follow-on schedule check
